<?xml version="1.0" encoding="UTF-8" standalone="no"?>
<!DOCTYPE log SYSTEM "logger.dtd">
<log>
<record>
  <date>2014-02-04T19:03:16</date>
  <millis>1391536996557</millis>
  <sequence>0</sequence>
  <logger>a3p.log</logger>
  <level>INFO</level>
  <class>org.debug.Verbose</class>
  <method>&lt;init&gt;</method>
  <thread>1</thread>
  <message>Verbose at level 5.</message>
</record>
<record>
  <date>2014-02-04T19:03:16</date>
  <millis>1391536996617</millis>
  <sequence>1</sequence>
  <logger>a3p.log</logger>
  <level>INFO</level>
  <class>org.debug.Verbose</class>
  <method>&lt;init&gt;</method>
  <thread>1</thread>
  <message>Displayed messages are :</message>
</record>
<record>
  <date>2014-02-04T19:03:16</date>
  <millis>1391536996620</millis>
  <sequence>2</sequence>
  <logger>a3p.log</logger>
  <level>INFO</level>
  <class>org.debug.Verbose</class>
  <method>&lt;init&gt;</method>
  <thread>1</thread>
  <message>- Criticals</message>
</record>
<record>
  <date>2014-02-04T19:03:16</date>
  <millis>1391536996622</millis>
  <sequence>3</sequence>
  <logger>a3p.log</logger>
  <level>INFO</level>
  <class>org.debug.Verbose</class>
  <method>&lt;init&gt;</method>
  <thread>1</thread>
  <message>- Serious</message>
</record>
<record>
  <date>2014-02-04T19:03:16</date>
  <millis>1391536996627</millis>
  <sequence>4</sequence>
  <logger>a3p.log</logger>
  <level>INFO</level>
  <class>org.debug.Verbose</class>
  <method>&lt;init&gt;</method>
  <thread>1</thread>
  <message>- Warnings</message>
</record>
<record>
  <date>2014-02-04T19:03:16</date>
  <millis>1391536996630</millis>
  <sequence>5</sequence>
  <logger>a3p.log</logger>
  <level>INFO</level>
  <class>org.debug.Verbose</class>
  <method>&lt;init&gt;</method>
  <thread>1</thread>
  <message>- Informations</message>
</record>
<record>
  <date>2014-02-04T19:03:16</date>
  <millis>1391536996634</millis>
  <sequence>6</sequence>
  <logger>a3p.log</logger>
  <level>INFO</level>
  <class>org.debug.Verbose</class>
  <method>&lt;init&gt;</method>
  <thread>1</thread>
  <message>- Class instanciations and function calls</message>
</record>
<record>
  <date>2014-02-04T19:03:16</date>
  <millis>1391536996638</millis>
  <sequence>7</sequence>
  <logger>a3p.log</logger>
  <level>FINER</level>
  <class>org.debug.Verbose</class>
  <method>calls</method>
  <thread>1</thread>
  <message>Calls : Verbose class created in file org/debug/Verbose.java in Verbose.Verbose(int)</message>
</record>
</log>
